2026-06-29 02:59:10,201 INFO o.a.j.u.JMeterUtils: Setting Locale to en_EN
2026-06-29 02:59:10,265 INFO o.a.j.JMeter: Loading user properties from: /opt/apache-jmeter-5.5/bin/user.properties
2026-06-29 02:59:10,267 INFO o.a.j.JMeter: Loading system properties from: /opt/apache-jmeter-5.5/bin/system.properties
2026-06-29 02:59:10,267 INFO o.a.j.JMeter: Setting System property: log4j2.formatMsgNoLookups=true
2026-06-29 02:59:10,268 INFO o.a.j.JMeter: Setting JMeter property: threads=10
2026-06-29 02:59:10,268 INFO o.a.j.JMeter: Setting JMeter property: ramp=2
2026-06-29 02:59:10,268 INFO o.a.j.JMeter: Setting JMeter property: duration=15
2026-06-29 02:59:10,269 INFO o.a.j.JMeter: Setting JMeter property: thinkTimeMs=300
2026-06-29 02:59:10,297 INFO o.a.j.JMeter: Copyright (c) 1998-2022 The Apache Software Foundation
2026-06-29 02:59:10,297 INFO o.a.j.JMeter: Version 5.5
2026-06-29 02:59:10,297 INFO o.a.j.JMeter: java.version=1.8.0_275
2026-06-29 02:59:10,298 INFO o.a.j.JMeter: java.vm.name=OpenJDK 64-Bit Server VM
2026-06-29 02:59:10,298 INFO o.a.j.JMeter: os.name=Linux
2026-06-29 02:59:10,298 INFO o.a.j.JMeter: os.arch=amd64
2026-06-29 02:59:10,298 INFO o.a.j.JMeter: os.version=6.6.114.1-microsoft-standard-WSL2
2026-06-29 02:59:10,298 INFO o.a.j.JMeter: file.encoding=UTF-8
2026-06-29 02:59:10,299 INFO o.a.j.JMeter: java.awt.headless=true
2026-06-29 02:59:10,299 INFO o.a.j.JMeter: Max memory     =3447717888
2026-06-29 02:59:10,299 INFO o.a.j.JMeter: Available Processors =6
2026-06-29 02:59:10,316 INFO o.a.j.JMeter: Default Locale=English (EN)
2026-06-29 02:59:10,317 INFO o.a.j.JMeter: JMeter  Locale=English (EN)
2026-06-29 02:59:10,317 INFO o.a.j.JMeter: JMeterHome=/opt/apache-jmeter-5.5
2026-06-29 02:59:10,318 INFO o.a.j.JMeter: user.dir  =/work
2026-06-29 02:59:10,318 INFO o.a.j.JMeter: PWD       =/work
2026-06-29 02:59:10,319 INFO o.a.j.JMeter: IP: 172.17.0.2 Name: 93f1720ae5e2 FullName: 93f1720ae5e2
2026-06-29 02:59:10,401 INFO o.a.j.s.FileServer: Default base='/work'
2026-06-29 02:59:10,405 INFO o.a.j.s.FileServer: Set new base='/work/tests/performance/jmeter'
2026-06-29 02:59:10,831 INFO o.a.j.s.SaveService: Testplan (JMX) version: 2.2. Testlog (JTL) version: 2.2
2026-06-29 02:59:11,013 INFO o.a.j.s.SaveService: Using SaveService properties file encoding UTF-8
2026-06-29 02:59:11,031 INFO o.a.j.s.SaveService: Using SaveService properties version 5.0
2026-06-29 02:59:11,055 INFO o.a.j.s.SaveService: Loading file: tests/performance/jmeter/escala-load-test.jmx
2026-06-29 02:59:11,243 INFO o.a.j.p.h.s.HTTPSamplerBase: Parser for text/html is org.apache.jmeter.protocol.http.parser.LagartoBasedHtmlParser
2026-06-29 02:59:11,243 INFO o.a.j.p.h.s.HTTPSamplerBase: Parser for application/xhtml+xml is org.apache.jmeter.protocol.http.parser.LagartoBasedHtmlParser
2026-06-29 02:59:11,244 INFO o.a.j.p.h.s.HTTPSamplerBase: Parser for application/xml is org.apache.jmeter.protocol.http.parser.LagartoBasedHtmlParser
2026-06-29 02:59:11,244 INFO o.a.j.p.h.s.HTTPSamplerBase: Parser for text/xml is org.apache.jmeter.protocol.http.parser.LagartoBasedHtmlParser
2026-06-29 02:59:11,245 INFO o.a.j.p.h.s.HTTPSamplerBase: Parser for text/vnd.wap.wml is org.apache.jmeter.protocol.http.parser.RegexpHTMLParser
2026-06-29 02:59:11,245 INFO o.a.j.p.h.s.HTTPSamplerBase: Parser for text/css is org.apache.jmeter.protocol.http.parser.CssParser
2026-06-29 02:59:12,418 INFO o.a.j.JMeter: Creating summariser <summary>
2026-06-29 02:59:12,442 INFO o.a.j.e.StandardJMeterEngine: Running the test!
2026-06-29 02:59:12,443 INFO o.a.j.s.SampleEvent: List of sample_variables: []
2026-06-29 02:59:12,443 INFO o.a.j.s.SampleEvent: List of sample_variables: []
2026-06-29 02:59:12,461 INFO o.a.j.e.u.CompoundVariable: Note: Function class names must contain the string: '.functions.'
2026-06-29 02:59:12,461 INFO o.a.j.e.u.CompoundVariable: Note: Function class names must not contain the string: '.gui.'
2026-06-29 02:59:13,256 INFO o.a.j.JMeter: Running test (1782694753256)
2026-06-29 02:59:13,418 INFO o.a.j.e.StandardJMeterEngine: Starting ThreadGroup: 1 : Usuarios simultaneos autenticados
2026-06-29 02:59:13,418 INFO o.a.j.e.StandardJMeterEngine: Starting 10 threads for group Usuarios simultaneos autenticados.
2026-06-29 02:59:13,418 INFO o.a.j.e.StandardJMeterEngine: Thread will continue on error
2026-06-29 02:59:13,419 INFO o.a.j.t.ThreadGroup: Starting thread group... number=1 threads=10 ramp-up=2 delayedStart=false
2026-06-29 02:59:13,455 INFO o.a.j.t.JMeterThread: Thread started: Usuarios simultaneos autenticados 1-1
2026-06-29 02:59:13,473 INFO o.a.j.t.ThreadGroup: Started thread group number 1
2026-06-29 02:59:13,473 INFO o.a.j.e.StandardJMeterEngine: All thread groups have been started
2026-06-29 02:59:13,637 INFO o.a.j.t.JMeterThread: Thread started: Usuarios simultaneos autenticados 1-2
2026-06-29 02:59:13,808 INFO o.a.j.p.h.s.HTTPHCAbstractImpl: Local host = 93f1720ae5e2
2026-06-29 02:59:13,822 INFO o.a.j.p.h.s.HTTPHC4Impl: HTTP request retry count = 0
2026-06-29 02:59:13,827 INFO o.a.j.s.SampleResult: Note: Sample TimeStamps are START times
2026-06-29 02:59:13,827 INFO o.a.j.s.SampleResult: sampleresult.default.encoding is set to ISO-8859-1
2026-06-29 02:59:13,827 INFO o.a.j.s.SampleResult: sampleresult.useNanoTime=true
2026-06-29 02:59:13,827 INFO o.a.j.s.SampleResult: sampleresult.nanoThreadSleep=5000
2026-06-29 02:59:13,834 INFO o.a.j.t.JMeterThread: Thread started: Usuarios simultaneos autenticados 1-3
2026-06-29 02:59:14,031 INFO o.a.j.t.JMeterThread: Thread started: Usuarios simultaneos autenticados 1-4
2026-06-29 02:59:14,224 INFO o.a.j.t.JMeterThread: Thread started: Usuarios simultaneos autenticados 1-5
2026-06-29 02:59:14,428 INFO o.a.j.t.JMeterThread: Thread started: Usuarios simultaneos autenticados 1-6
2026-06-29 02:59:14,628 INFO o.a.j.t.JMeterThread: Thread started: Usuarios simultaneos autenticados 1-7
2026-06-29 02:59:14,824 INFO o.a.j.t.JMeterThread: Thread started: Usuarios simultaneos autenticados 1-8
2026-06-29 02:59:15,023 INFO o.a.j.t.JMeterThread: Thread started: Usuarios simultaneos autenticados 1-9
2026-06-29 02:59:15,223 INFO o.a.j.t.JMeterThread: Thread started: Usuarios simultaneos autenticados 1-10
2026-06-29 02:59:28,175 INFO o.a.j.t.JMeterThread: Thread finished: Usuarios simultaneos autenticados 1-6
2026-06-29 02:59:28,183 INFO o.a.j.t.JMeterThread: Thread finished: Usuarios simultaneos autenticados 1-3
2026-06-29 02:59:28,263 INFO o.a.j.t.JMeterThread: Thread finished: Usuarios simultaneos autenticados 1-7
2026-06-29 02:59:28,263 INFO o.a.j.t.JMeterThread: Thread finished: Usuarios simultaneos autenticados 1-5
2026-06-29 02:59:28,300 INFO o.a.j.t.JMeterThread: Thread finished: Usuarios simultaneos autenticados 1-2
2026-06-29 02:59:28,300 INFO o.a.j.t.JMeterThread: Thread finished: Usuarios simultaneos autenticados 1-4
2026-06-29 02:59:28,438 INFO o.a.j.t.JMeterThread: Stopping because end time detected by thread: Usuarios simultaneos autenticados 1-1
2026-06-29 02:59:28,438 INFO o.a.j.t.JMeterThread: Thread finished: Usuarios simultaneos autenticados 1-1
2026-06-29 02:59:28,469 INFO o.a.j.t.JMeterThread: Thread finished: Usuarios simultaneos autenticados 1-9
2026-06-29 02:59:28,479 INFO o.a.j.t.JMeterThread: Stopping because end time detected by thread: Usuarios simultaneos autenticados 1-8
2026-06-29 02:59:28,479 INFO o.a.j.t.JMeterThread: Thread finished: Usuarios simultaneos autenticados 1-8
2026-06-29 02:59:28,487 INFO o.a.j.t.JMeterThread: Stopping because end time detected by thread: Usuarios simultaneos autenticados 1-10
2026-06-29 02:59:28,488 INFO o.a.j.t.JMeterThread: Thread finished: Usuarios simultaneos autenticados 1-10
2026-06-29 02:59:28,489 INFO o.a.j.e.StandardJMeterEngine: Notifying test listeners of end of test
2026-06-29 02:59:28,493 INFO o.a.j.r.Summariser: summary =    387 in 00:00:15 =   25.4/s Avg:    57 Min:     9 Max:   544 Err:     0 (0.00%)
